
> 3pl-platform@0.0.0 dev
> vite


  [32m[1mVITE[22m v4.5.14[39m  [2mready in [0m[1m225[22m[2m[0m ms[22m

  [32m➜[39m  [1mLocal[22m:   [36mhttp://localhost:[1m3000[22m/3PL/[39m
[2m  [32m➜[39m  [1mNetwork[22m[2m: use [22m[1m--host[22m[2m to expose[22m
[2m[32m  ➜[39m[22m[2m  press [22m[1mh[22m[2m to show help[22m
[2m오전 8:50:29[22m [36m[1m[vite][22m[39m [32mhmr update [39m[2m/src/components/WarehouseCard.jsx, /src/index.css[22m
[2m오전 8:50:29[22m [36m[1m[vite][22m[39m [32mhmr update [39m[2m/src/components/CustomerCard.jsx, /src/index.css[22m
[2m오전 9:02:02[22m [36m[1m[vite][22m[39m [32mhmr update [39m[2m/src/pages/Login.jsx, /src/index.css[22m
[2m오전 9:02:11[22m [36m[1m[vite][22m[39m [32mhmr update [39m[2m/src/pages/Login.jsx, /src/index.css[22m
[2m오전 9:37:49[22m [36m[1m[vite][22m[39m [32mhmr update [39m[2m/src/pages/WarehouseRegister.jsx, /src/index.css[22m
[2m오전 9:37:58[22m [36m[1m[vite][22m[39m [32mhmr update [39m[2m/src/pages/WarehouseRegister.jsx, /src/index.css[22m
[2m오전 9:38:11[22m [36m[1m[vite][22m[39m [32mhmr update [39m[2m/src/pages/WarehouseRegister.jsx, /src/index.css[22m
[2m오전 10:04:34[22m [36m[1m[vite][22m[39m [32mhmr update [39m[2m/src/components/DetailModal.jsx, /src/index.css[22m
[2m오전 10:05:26[22m [36m[1m[vite][22m[39m [32mhmr update [39m[2m/src/components/DetailModal.jsx, /src/index.css[22m
[2m오전 10:05:38[22m [36m[1m[vite][22m[39m [32mhmr update [39m[2m/src/components/DetailModal.jsx, /src/index.css[22m
[2m오전 10:05:50[22m [36m[1m[vite][22m[39m [32mhmr update [39m[2m/src/components/DetailModal.jsx, /src/index.css[22m
[2m오전 10:06:07[22m [36m[1m[vite][22m[39m [32mhmr update [39m[2m/src/components/DetailModal.jsx, /src/index.css[22m
[2m오전 10:07:28[22m [36m[1m[vite][22m[39m [32mhmr update [39m[2m/src/pages/AdminDashboard.jsx, /src/index.css[22m
[2m오전 10:07:41[22m [36m[1m[vite][22m[39m [32mhmr update [39m[2m/src/pages/AdminDashboard.jsx, /src/index.css[22m
[2m오전 10:08:37[22m [36m[1m[vite][22m[39m [32mhmr update [39m[2m/src/pages/AdminDashboard.jsx, /src/index.css[22m
[2m오전 10:08:56[22m [36m[1m[vite][22m[39m [32mhmr update [39m[2m/src/pages/AdminDashboard.jsx, /src/index.css[22m
[2m오전 10:18:21[22m [36m[1m[vite][22m[39m [32mhmr update [39m[2m/src/pages/AdminDashboard.jsx, /src/index.css[22m
[2m오전 10:18:42[22m [36m[1m[vite][22m[39m [32mhmr update [39m[2m/src/pages/AdminDashboard.jsx, /src/index.css[22m
[2m오전 10:22:22[22m [36m[1m[vite][22m[39m [32m.env.local changed, restarting server...[39m
Port 3000 is in use, trying another one...
Port 3001 is in use, trying another one...
[2m오전 10:22:22[22m [36m[1m[vite][22m[39m server restarted.

  [32m➜[39m  [1mLocal[22m:   [36mhttp://localhost:[1m3002[22m/3PL/[39m
[2m  [32m➜[39m  [1mNetwork[22m[2m: use [22m[1m--host[22m[2m to expose[22m
^C